{"/Users/poppins/programming/top/portfolio/portfolio_api2/controllers/userController.js": {"path":"/Users/poppins/programming/top/portfolio/portfolio_api2/controllers/userController.js","all":false,"statementMap":{"0":{"start":{"line":1,"column":0},"end":{"line":1,"column":27}},"1":{"start":{"line":2,"column":0},"end":{"line":2,"column":29}},"2":{"start":{"line":3,"column":0},"end":{"line":3,"column":35}},"3":{"start":{"line":4,"column":0},"end":{"line":4,"column":36}},"4":{"start":{"line":5,"column":0},"end":{"line":5,"column":37}},"5":{"start":{"line":6,"column":0},"end":{"line":6,"column":47}},"6":{"start":{"line":7,"column":0},"end":{"line":7,"column":69}},"7":{"start":{"line":8,"column":0},"end":{"line":8,"column":54}},"8":{"start":{"line":9,"column":0},"end":{"line":9,"column":12}},"9":{"start":{"line":10,"column":0},"end":{"line":10,"column":22}},"10":{"start":{"line":11,"column":0},"end":{"line":11,"column":3}},"11":{"start":{"line":12,"column":0},"end":{"line":12,"column":0}},"12":{"start":{"line":13,"column":0},"end":{"line":13,"column":61}},"13":{"start":{"line":14,"column":0},"end":{"line":14,"column":0}},"14":{"start":{"line":15,"column":0},"end":{"line":15,"column":39}},"15":{"start":{"line":16,"column":0},"end":{"line":16,"column":0}},"16":{"start":{"line":17,"column":0},"end":{"line":17,"column":22}},"17":{"start":{"line":18,"column":0},"end":{"line":18,"column":36}},"18":{"start":{"line":19,"column":0},"end":{"line":19,"column":36}},"19":{"start":{"line":20,"column":0},"end":{"line":20,"column":41}},"20":{"start":{"line":21,"column":0},"end":{"line":21,"column":27}},"21":{"start":{"line":22,"column":0},"end":{"line":22,"column":49}},"22":{"start":{"line":23,"column":0},"end":{"line":23,"column":28}},"23":{"start":{"line":24,"column":0},"end":{"line":24,"column":17}},"24":{"start":{"line":25,"column":0},"end":{"line":25,"column":65}},"25":{"start":{"line":26,"column":0},"end":{"line":26,"column":19}},"26":{"start":{"line":27,"column":0},"end":{"line":27,"column":8}},"27":{"start":{"line":28,"column":0},"end":{"line":28,"column":37}},"28":{"start":{"line":29,"column":0},"end":{"line":29,"column":4}},"29":{"start":{"line":30,"column":0},"end":{"line":30,"column":39}},"30":{"start":{"line":31,"column":0},"end":{"line":31,"column":40}},"31":{"start":{"line":32,"column":0},"end":{"line":32,"column":68}},"32":{"start":{"line":33,"column":0},"end":{"line":33,"column":0}},"33":{"start":{"line":34,"column":0},"end":{"line":34,"column":23}},"34":{"start":{"line":35,"column":0},"end":{"line":35,"column":17}},"35":{"start":{"line":36,"column":0},"end":{"line":36,"column":34}},"36":{"start":{"line":37,"column":0},"end":{"line":37,"column":31}},"37":{"start":{"line":38,"column":0},"end":{"line":38,"column":6}},"38":{"start":{"line":39,"column":0},"end":{"line":39,"column":68}},"39":{"start":{"line":40,"column":0},"end":{"line":40,"column":37}},"40":{"start":{"line":41,"column":0},"end":{"line":41,"column":4}},"41":{"start":{"line":42,"column":0},"end":{"line":42,"column":2}},"42":{"start":{"line":43,"column":0},"end":{"line":43,"column":0}},"43":{"start":{"line":44,"column":0},"end":{"line":44,"column":14}},"44":{"start":{"line":45,"column":0},"end":{"line":45,"column":48}},"45":{"start":{"line":46,"column":0},"end":{"line":46,"column":49}},"46":{"start":{"line":47,"column":0},"end":{"line":47,"column":2}},"47":{"start":{"line":48,"column":0},"end":{"line":48,"column":0}},"48":{"start":{"line":49,"column":0},"end":{"line":49,"column":13}},"49":{"start":{"line":50,"column":0},"end":{"line":50,"column":21}},"50":{"start":{"line":51,"column":0},"end":{"line":51,"column":36}},"51":{"start":{"line":52,"column":0},"end":{"line":52,"column":36}},"52":{"start":{"line":53,"column":0},"end":{"line":53,"column":41}},"53":{"start":{"line":54,"column":0},"end":{"line":54,"column":26}},"54":{"start":{"line":55,"column":0},"end":{"line":55,"column":14}},"55":{"start":{"line":56,"column":0},"end":{"line":56,"column":25}},"56":{"start":{"line":57,"column":0},"end":{"line":57,"column":36}},"57":{"start":{"line":58,"column":0},"end":{"line":58,"column":16}},"58":{"start":{"line":59,"column":0},"end":{"line":59,"column":29}},"59":{"start":{"line":60,"column":0},"end":{"line":60,"column":16}},"60":{"start":{"line":61,"column":0},"end":{"line":61,"column":65}},"61":{"start":{"line":62,"column":0},"end":{"line":62,"column":49}},"62":{"start":{"line":63,"column":0},"end":{"line":63,"column":24}},"63":{"start":{"line":64,"column":0},"end":{"line":64,"column":23}},"64":{"start":{"line":65,"column":0},"end":{"line":65,"column":7}},"65":{"start":{"line":66,"column":0},"end":{"line":66,"column":22}},"66":{"start":{"line":67,"column":0},"end":{"line":67,"column":4}},"67":{"start":{"line":68,"column":0},"end":{"line":68,"column":36}},"68":{"start":{"line":69,"column":0},"end":{"line":69,"column":56}},"69":{"start":{"line":70,"column":0},"end":{"line":70,"column":14}},"70":{"start":{"line":71,"column":0},"end":{"line":71,"column":27}},"71":{"start":{"line":72,"column":0},"end":{"line":72,"column":21}},"72":{"start":{"line":73,"column":0},"end":{"line":73,"column":29}},"73":{"start":{"line":74,"column":0},"end":{"line":74,"column":9}},"74":{"start":{"line":75,"column":0},"end":{"line":75,"column":34}},"75":{"start":{"line":76,"column":0},"end":{"line":76,"column":63}},"76":{"start":{"line":77,"column":0},"end":{"line":77,"column":10}},"77":{"start":{"line":78,"column":0},"end":{"line":78,"column":30}},"78":{"start":{"line":79,"column":0},"end":{"line":79,"column":8}},"79":{"start":{"line":80,"column":0},"end":{"line":80,"column":24}},"80":{"start":{"line":81,"column":0},"end":{"line":81,"column":42}},"81":{"start":{"line":82,"column":0},"end":{"line":82,"column":7}},"82":{"start":{"line":83,"column":0},"end":{"line":83,"column":4}},"83":{"start":{"line":84,"column":0},"end":{"line":84,"column":2}}},"s":{"0":1,"1":1,"2":1,"3":1,"4":1,"5":1,"6":1,"7":1,"8":1,"9":1,"10":1,"11":1,"12":1,"13":1,"14":1,"15":1,"16":1,"17":1,"18":1,"19":1,"20":3,"21":3,"22":3,"23":3,"24":3,"25":2,"26":3,"27":3,"28":3,"29":1,"30":2,"31":2,"32":2,"33":2,"34":2,"35":2,"36":2,"37":2,"38":2,"39":2,"40":2,"41":1,"42":1,"43":1,"44":1,"45":1,"46":1,"47":1,"48":1,"49":1,"50":1,"51":1,"52":1,"53":24,"54":24,"55":24,"56":24,"57":24,"58":24,"59":24,"60":24,"61":24,"62":24,"63":24,"64":24,"65":24,"66":24,"67":1,"68":22,"69":22,"70":22,"71":22,"72":22,"73":22,"74":22,"75":22,"76":22,"77":22,"78":22,"79":22,"80":22,"81":22,"82":22,"83":1},"branchMap":{"0":{"type":"branch","line":20,"loc":{"start":{"line":20,"column":2},"end":{"line":29,"column":4}},"locations":[{"start":{"line":20,"column":2},"end":{"line":29,"column":4}}]},"1":{"type":"branch","line":23,"loc":{"start":{"line":23,"column":13},"end":{"line":27,"column":8}},"locations":[{"start":{"line":23,"column":13},"end":{"line":27,"column":8}}]},"2":{"type":"branch","line":25,"loc":{"start":{"line":25,"column":-1},"end":{"line":25,"column":15}},"locations":[{"start":{"line":25,"column":-1},"end":{"line":25,"column":15}}]},"3":{"type":"branch","line":25,"loc":{"start":{"line":25,"column":33},"end":{"line":26,"column":19}},"locations":[{"start":{"line":25,"column":33},"end":{"line":26,"column":19}}]},"4":{"type":"branch","line":30,"loc":{"start":{"line":30,"column":2},"end":{"line":41,"column":4}},"locations":[{"start":{"line":30,"column":2},"end":{"line":41,"column":4}}]},"5":{"type":"branch","line":39,"loc":{"start":{"line":39,"column":12},"end":{"line":39,"column":21}},"locations":[{"start":{"line":39,"column":12},"end":{"line":39,"column":21}}]},"6":{"type":"branch","line":53,"loc":{"start":{"line":53,"column":2},"end":{"line":67,"column":4}},"locations":[{"start":{"line":53,"column":2},"end":{"line":67,"column":4}}]},"7":{"type":"branch","line":57,"loc":{"start":{"line":57,"column":6},"end":{"line":65,"column":7}},"locations":[{"start":{"line":57,"column":6},"end":{"line":65,"column":7}}]},"8":{"type":"branch","line":59,"loc":{"start":{"line":59,"column":13},"end":{"line":59,"column":22}},"locations":[{"start":{"line":59,"column":13},"end":{"line":59,"column":22}}]},"9":{"type":"branch","line":61,"loc":{"start":{"line":61,"column":8},"end":{"line":61,"column":20}},"locations":[{"start":{"line":61,"column":8},"end":{"line":61,"column":20}}]},"10":{"type":"branch","line":64,"loc":{"start":{"line":64,"column":12},"end":{"line":64,"column":23}},"locations":[{"start":{"line":64,"column":12},"end":{"line":64,"column":23}}]},"11":{"type":"branch","line":68,"loc":{"start":{"line":68,"column":2},"end":{"line":83,"column":4}},"locations":[{"start":{"line":68,"column":2},"end":{"line":83,"column":4}}]},"12":{"type":"branch","line":69,"loc":{"start":{"line":69,"column":45},"end":{"line":82,"column":7}},"locations":[{"start":{"line":69,"column":45},"end":{"line":82,"column":7}}]},"13":{"type":"branch","line":71,"loc":{"start":{"line":71,"column":11},"end":{"line":71,"column":20}},"locations":[{"start":{"line":71,"column":11},"end":{"line":71,"column":20}}]},"14":{"type":"branch","line":76,"loc":{"start":{"line":76,"column":15},"end":{"line":76,"column":63}},"locations":[{"start":{"line":76,"column":15},"end":{"line":76,"column":63}}]}},"b":{"0":[3],"1":[3],"2":[1],"3":[2],"4":[2],"5":[2],"6":[24],"7":[24],"8":[0],"9":[2],"10":[22],"11":[22],"12":[22],"13":[0],"14":[0]},"fnMap":{"0":{"name":"checkForUser","decl":{"start":{"line":20,"column":2},"end":{"line":29,"column":4}},"loc":{"start":{"line":20,"column":2},"end":{"line":29,"column":4}},"line":20},"1":{"name":"createUser","decl":{"start":{"line":30,"column":2},"end":{"line":41,"column":4}},"loc":{"start":{"line":30,"column":2},"end":{"line":41,"column":4}},"line":30},"2":{"name":"checkForUser","decl":{"start":{"line":53,"column":2},"end":{"line":67,"column":4}},"loc":{"start":{"line":53,"column":2},"end":{"line":67,"column":4}},"line":53},"3":{"name":"sendJWT","decl":{"start":{"line":68,"column":2},"end":{"line":83,"column":4}},"loc":{"start":{"line":68,"column":2},"end":{"line":83,"column":4}},"line":68}},"f":{"0":3,"1":2,"2":24,"3":22}}
,"/Users/poppins/programming/top/portfolio/portfolio_api2/routes/userRouter.js": {"path":"/Users/poppins/programming/top/portfolio/portfolio_api2/routes/userRouter.js","all":false,"statementMap":{"0":{"start":{"line":1,"column":0},"end":{"line":1,"column":35}},"1":{"start":{"line":2,"column":0},"end":{"line":2,"column":32}},"2":{"start":{"line":3,"column":0},"end":{"line":3,"column":29}},"3":{"start":{"line":4,"column":0},"end":{"line":4,"column":52}},"4":{"start":{"line":5,"column":0},"end":{"line":5,"column":12}},"5":{"start":{"line":6,"column":0},"end":{"line":6,"column":33}},"6":{"start":{"line":7,"column":0},"end":{"line":7,"column":3}},"7":{"start":{"line":8,"column":0},"end":{"line":8,"column":0}},"8":{"start":{"line":9,"column":0},"end":{"line":9,"column":33}},"9":{"start":{"line":10,"column":0},"end":{"line":10,"column":35}},"10":{"start":{"line":11,"column":0},"end":{"line":11,"column":0}},"11":{"start":{"line":12,"column":0},"end":{"line":12,"column":24}}},"s":{"0":1,"1":1,"2":1,"3":1,"4":1,"5":1,"6":1,"7":1,"8":1,"9":1,"10":1,"11":1},"branchMap":{},"b":{},"fnMap":{},"f":{}}
}
