TN:
SF:__tests__/setup/appSetup.js
FNF:0
FNH:0
DA:1,1
DA:2,1
DA:3,1
DA:4,1
DA:5,1
DA:6,1
DA:7,1
LF:7
LH:7
BRF:0
BRH:0
end_of_record
TN:
SF:__tests__/setup/mongoSetup.js
FN:6,initializeMongoServer
FNF:1
FNH:1
FNDA:9,initializeMongoServer
DA:1,1
DA:2,1
DA:3,1
DA:4,1
DA:5,1
DA:6,9
DA:7,9
DA:8,9
DA:9,9
DA:10,9
DA:11,9
DA:12,9
DA:13,9
DA:14,9
DA:15,9
DA:16,9
DA:17,1
DA:18,1
LF:18
LH:18
BRDA:6,0,0,9
BRF:1
BRH:1
end_of_record
TN:
SF:config/logger.js
FNF:0
FNH:0
DA:1,1
DA:2,1
DA:3,1
DA:4,1
DA:5,1
DA:6,1
DA:7,1
DA:8,1
DA:9,1
DA:10,1
DA:11,1
DA:12,1
DA:13,1
DA:14,1
DA:15,0
DA:16,0
DA:17,1
DA:18,1
DA:19,1
DA:20,1
DA:21,1
DA:22,1
DA:23,1
DA:24,1
DA:25,1
DA:26,1
DA:27,1
DA:28,1
DA:29,1
DA:30,1
DA:31,1
DA:32,1
DA:33,1
DA:34,1
DA:35,1
DA:36,1
DA:37,1
LF:37
LH:35
BRF:0
BRH:0
end_of_record
TN:
SF:config/passport.js
FNF:0
FNH:0
DA:1,1
DA:2,1
DA:3,1
DA:4,1
DA:5,1
DA:6,1
DA:7,1
DA:8,1
DA:9,1
DA:10,1
DA:11,1
DA:12,1
DA:13,1
DA:14,1
DA:15,13
DA:16,13
DA:17,13
DA:18,13
DA:19,13
DA:20,1
DA:21,13
DA:22,13
DA:23,13
DA:24,13
DA:25,13
DA:26,13
DA:27,12
DA:28,12
DA:29,12
DA:30,12
DA:31,12
DA:32,12
DA:33,12
DA:34,13
DA:35,13
DA:36,1
DA:37,1
DA:38,1
DA:39,1
DA:40,1
DA:41,1
DA:42,1
DA:43,1
DA:44,1
DA:45,1
DA:46,15
DA:47,15
DA:48,15
DA:49,15
DA:50,0
DA:51,15
DA:52,15
DA:53,15
DA:54,15
DA:55,1
DA:56,1
LF:56
LH:55
BRDA:14,0,0,13
BRDA:26,1,0,12
BRDA:18,2,0,13
BRDA:20,3,0,12
BRDA:20,4,0,1
BRDA:29,5,0,12
BRDA:45,6,0,15
BRDA:48,7,0,15
BRDA:50,8,0,0
BRF:9
BRH:8
end_of_record
TN:
SF:controllers/miscController.js
FN:12,Object.<anonymous>.exports.client
FN:19,emailValidation
FN:26,sendEmail
FN:54,Object.<anonymous>.exports.grammar
FNF:4
FNH:1
FNDA:2,Object.<anonymous>.exports.client
FNDA:0,emailValidation
FNDA:0,sendEmail
FNDA:0,Object.<anonymous>.exports.grammar
DA:1,1
DA:2,1
DA:3,1
DA:4,1
DA:5,1
DA:6,1
DA:7,1
DA:8,1
DA:9,1
DA:10,1
DA:11,1
DA:12,1
DA:13,2
DA:14,2
DA:15,1
DA:16,1
DA:17,1
DA:18,1
DA:19,1
DA:20,0
DA:21,0
DA:22,0
DA:23,0
DA:24,0
DA:25,0
DA:26,1
DA:27,0
DA:28,0
DA:29,0
DA:30,0
DA:31,0
DA:32,0
DA:33,0
DA:34,0
DA:35,0
DA:36,0
DA:37,0
DA:38,0
DA:39,0
DA:40,0
DA:41,0
DA:42,0
DA:43,0
DA:44,0
DA:45,0
DA:46,0
DA:47,0
DA:48,1
DA:49,1
DA:50,1
DA:51,1
DA:52,1
DA:53,1
DA:54,1
DA:55,0
DA:56,0
DA:57,0
DA:58,0
DA:59,0
DA:60,0
DA:61,0
DA:62,0
DA:63,0
DA:64,0
DA:65,0
DA:66,0
DA:67,0
DA:68,0
DA:69,0
DA:70,0
DA:71,0
DA:72,0
DA:73,0
DA:74,1
LF:74
LH:28
BRDA:12,0,0,2
BRF:1
BRH:1
end_of_record
TN:
SF:controllers/postController.js
FN:15,Object.<anonymous>.exports.getPosts
FN:28,savePost
FN:41,editPost
FN:57,getCommentIds
FN:70,removePostAndComments
FN:73,deletePost
FN:79,deleteComments
FN:88,removeUserComments
FN:106,sentimentAnalysis
FN:133,createComment
FN:148,updatePost
FN:165,Object.<anonymous>.exports.deletePostComment
FN:172,deleteComment
FN:177,updateUser
FN:187,updatePost
FNF:15
FNH:15
FNDA:7,Object.<anonymous>.exports.getPosts
FNDA:3,savePost
FNDA:1,editPost
FNDA:2,getCommentIds
FNDA:2,removePostAndComments
FNDA:2,deletePost
FNDA:2,deleteComments
FNDA:2,removeUserComments
FNDA:1,sentimentAnalysis
FNDA:1,createComment
FNDA:1,updatePost
FNDA:1,Object.<anonymous>.exports.deletePostComment
FNDA:1,deleteComment
FNDA:1,updateUser
FNDA:1,updatePost
DA:1,1
DA:2,1
DA:3,1
DA:4,1
DA:5,1
DA:6,1
DA:7,1
DA:8,1
DA:9,1
DA:10,1
DA:11,1
DA:12,1
DA:13,1
DA:14,1
DA:15,1
DA:16,7
DA:17,7
DA:18,7
DA:19,7
DA:20,7
DA:21,7
DA:22,1
DA:23,1
DA:24,1
DA:25,1
DA:26,1
DA:27,1
DA:28,1
DA:29,3
DA:30,3
DA:31,3
DA:32,3
DA:33,3
DA:34,3
DA:35,3
DA:36,1
DA:37,1
DA:38,1
DA:39,1
DA:40,1
DA:41,1
DA:42,1
DA:43,1
DA:44,1
DA:45,1
DA:46,1
DA:47,1
DA:48,1
DA:49,1
DA:50,1
DA:51,1
DA:52,1
DA:53,1
DA:54,1
DA:55,1
DA:56,1
DA:57,1
DA:58,2
DA:59,2
DA:60,2
DA:61,2
DA:62,2
DA:63,2
DA:64,2
DA:65,2
DA:66,2
DA:67,2
DA:68,2
DA:69,2
DA:70,1
DA:71,2
DA:72,2
DA:73,2
DA:74,2
DA:75,2
DA:76,2
DA:77,2
DA:78,2
DA:79,2
DA:80,2
DA:81,2
DA:82,2
DA:83,2
DA:84,2
DA:85,2
DA:86,2
DA:87,2
DA:88,2
DA:89,2
DA:90,2
DA:91,2
DA:92,2
DA:93,2
DA:94,2
DA:95,2
DA:96,2
DA:97,2
DA:98,2
DA:99,2
DA:100,2
DA:101,2
DA:102,1
DA:103,1
DA:104,1
DA:105,1
DA:106,1
DA:107,1
DA:108,1
DA:109,1
DA:110,1
DA:111,1
DA:112,1
DA:113,1
DA:114,1
DA:115,1
DA:116,1
DA:117,1
DA:118,1
DA:119,1
DA:120,1
DA:121,1
DA:122,1
DA:123,1
DA:124,1
DA:125,1
DA:126,1
DA:127,1
DA:128,1
DA:129,1
DA:130,1
DA:131,1
DA:132,1
DA:133,1
DA:134,1
DA:135,1
DA:136,1
DA:137,1
DA:138,1
DA:139,1
DA:140,1
DA:141,1
DA:142,1
DA:143,1
DA:144,1
DA:145,1
DA:146,1
DA:147,1
DA:148,1
DA:149,1
DA:150,1
DA:151,1
DA:152,1
DA:153,1
DA:154,1
DA:155,1
DA:156,1
DA:157,1
DA:158,1
DA:159,1
DA:160,1
DA:161,1
DA:162,1
DA:163,1
DA:164,1
DA:165,1
DA:166,1
DA:167,1
DA:168,1
DA:169,1
DA:170,1
DA:171,1
DA:172,1
DA:173,1
DA:174,1
DA:175,1
DA:176,1
DA:177,1
DA:178,1
DA:179,1
DA:180,1
DA:181,1
DA:182,1
DA:183,1
DA:184,1
DA:185,1
DA:186,1
DA:187,1
DA:188,1
DA:189,1
DA:190,1
DA:191,1
DA:192,1
DA:193,1
DA:194,1
DA:195,1
DA:196,1
DA:197,1
DA:198,1
DA:199,1
DA:200,1
LF:200
LH:200
BRDA:15,0,0,7
BRDA:19,1,0,6
BRDA:20,2,0,1
BRDA:28,3,0,3
BRDA:33,4,0,3
BRDA:41,5,0,1
BRDA:49,6,0,1
BRDA:57,7,0,2
BRDA:60,8,0,2
BRDA:61,9,0,1
BRDA:62,10,0,1
BRDA:70,11,0,2
BRDA:73,12,0,2
BRDA:76,13,0,2
BRDA:79,14,0,2
BRDA:85,15,0,2
BRDA:88,16,0,2
BRDA:95,17,0,2
BRDA:99,18,0,2
BRDA:106,19,0,1
BRDA:113,20,0,2
BRDA:124,21,0,1
BRDA:128,22,0,0
BRDA:133,23,0,1
BRDA:142,24,0,1
BRDA:148,25,0,1
BRDA:157,26,0,1
BRDA:165,27,0,1
BRDA:172,28,0,1
BRDA:174,29,0,1
BRDA:177,30,0,1
BRDA:184,31,0,1
BRDA:187,32,0,1
BRDA:193,33,0,1
BRDA:197,34,0,1
BRF:35
BRH:34
end_of_record
TN:
SF:controllers/userController.js
FN:20,checkForUser
FN:30,createUser
FN:53,checkForUser
FN:68,sendJWT
FNF:4
FNH:4
FNDA:3,checkForUser
FNDA:2,createUser
FNDA:13,checkForUser
FNDA:11,sendJWT
DA:1,1
DA:2,1
DA:3,1
DA:4,1
DA:5,1
DA:6,1
DA:7,1
DA:8,1
DA:9,1
DA:10,1
DA:11,1
DA:12,1
DA:13,1
DA:14,1
DA:15,1
DA:16,1
DA:17,1
DA:18,1
DA:19,1
DA:20,1
DA:21,3
DA:22,3
DA:23,3
DA:24,3
DA:25,3
DA:26,2
DA:27,3
DA:28,3
DA:29,3
DA:30,1
DA:31,2
DA:32,2
DA:33,2
DA:34,2
DA:35,2
DA:36,2
DA:37,2
DA:38,2
DA:39,2
DA:40,2
DA:41,2
DA:42,1
DA:43,1
DA:44,1
DA:45,1
DA:46,1
DA:47,1
DA:48,1
DA:49,1
DA:50,1
DA:51,1
DA:52,1
DA:53,1
DA:54,13
DA:55,13
DA:56,13
DA:57,13
DA:58,13
DA:59,13
DA:60,13
DA:61,13
DA:62,13
DA:63,13
DA:64,13
DA:65,13
DA:66,13
DA:67,13
DA:68,1
DA:69,11
DA:70,11
DA:71,11
DA:72,11
DA:73,11
DA:74,11
DA:75,11
DA:76,11
DA:77,11
DA:78,11
DA:79,11
DA:80,11
DA:81,11
DA:82,11
DA:83,11
DA:84,1
LF:84
LH:84
BRDA:20,0,0,3
BRDA:23,1,0,3
BRDA:25,2,0,1
BRDA:25,3,0,2
BRDA:30,4,0,2
BRDA:39,5,0,2
BRDA:53,6,0,13
BRDA:57,7,0,13
BRDA:59,8,0,0
BRDA:61,9,0,2
BRDA:64,10,0,11
BRDA:68,11,0,11
BRDA:69,12,0,11
BRDA:71,13,0,0
BRDA:76,14,0,0
BRF:15
BRH:12
end_of_record
TN:
SF:middleware/auth.js
FN:1,Object.<anonymous>.exports.isLoggedIn
FN:6,Object.<anonymous>.exports.isSuperUser
FNF:2
FNH:2
FNDA:15,Object.<anonymous>.exports.isLoggedIn
FNDA:12,Object.<anonymous>.exports.isSuperUser
DA:1,1
DA:2,15
DA:3,15
DA:4,15
DA:5,1
DA:6,1
DA:7,12
DA:8,12
DA:9,12
DA:10,12
LF:10
LH:10
BRDA:1,0,0,15
BRDA:2,1,0,12
BRDA:3,2,0,3
BRDA:6,3,0,12
BRDA:8,4,0,7
BRDA:9,5,0,5
BRF:6
BRH:6
end_of_record
TN:
SF:middleware/jwtAuth.js
FN:3,Object.<anonymous>.module.exports
FNF:1
FNH:1
FNDA:34,Object.<anonymous>.module.exports
DA:1,1
DA:2,1
DA:3,1
DA:4,34
DA:5,34
DA:6,34
DA:7,34
DA:8,34
DA:9,34
LF:9
LH:9
BRDA:3,0,0,34
BRDA:4,1,0,34
BRDA:5,2,0,0
BRDA:6,3,0,15
BRF:4
BRH:3
end_of_record
TN:
SF:models/comment.js
FNF:0
FNH:0
DA:1,1
DA:2,1
DA:3,1
DA:4,1
DA:5,1
DA:6,1
DA:7,1
DA:8,1
DA:9,1
DA:10,1
DA:11,1
LF:11
LH:11
BRF:0
BRH:0
end_of_record
TN:
SF:models/post.js
FNF:0
FNH:0
DA:1,1
DA:2,1
DA:3,1
DA:4,1
DA:5,1
DA:6,1
DA:7,1
DA:8,1
DA:9,1
DA:10,1
DA:11,1
DA:12,1
DA:13,1
LF:13
LH:13
BRF:0
BRH:0
end_of_record
TN:
SF:models/user.js
FNF:0
FNH:0
DA:1,1
DA:2,1
DA:3,1
DA:4,1
DA:5,1
DA:6,1
DA:7,1
DA:8,1
DA:9,1
DA:10,1
DA:11,1
LF:11
LH:11
BRF:0
BRH:0
end_of_record
TN:
SF:routes/miscRouter.js
FNF:0
FNH:0
DA:1,1
DA:2,1
DA:3,1
DA:4,1
DA:5,1
DA:6,1
DA:7,1
DA:8,1
DA:9,1
DA:10,1
DA:11,1
DA:12,1
DA:13,1
LF:13
LH:13
BRF:0
BRH:0
end_of_record
TN:
SF:routes/postRouter.js
FNF:0
FNH:0
DA:1,1
DA:2,1
DA:3,1
DA:4,1
DA:5,1
DA:6,1
DA:7,1
DA:8,1
DA:9,1
DA:10,1
DA:11,1
DA:12,1
DA:13,1
DA:14,1
DA:15,1
DA:16,1
DA:17,1
DA:18,1
DA:19,1
DA:20,1
DA:21,1
DA:22,1
DA:23,1
LF:23
LH:23
BRF:0
BRH:0
end_of_record
TN:
SF:routes/userRouter.js
FNF:0
FNH:0
DA:1,1
DA:2,1
DA:3,1
DA:4,1
DA:5,1
DA:6,1
DA:7,1
DA:8,1
DA:9,1
DA:10,1
DA:11,1
DA:12,1
LF:12
LH:12
BRF:0
BRH:0
end_of_record
