TN:
SF:controllers/userController.js
FN:20,checkForUser
FN:30,createUser
FN:53,checkForUser
FN:68,sendJWT
FNF:4
FNH:4
FNDA:3,checkForUser
FNDA:2,createUser
FNDA:24,checkForUser
FNDA:22,sendJWT
DA:1,1
DA:2,1
DA:3,1
DA:4,1
DA:5,1
DA:6,1
DA:7,1
DA:8,1
DA:9,1
DA:10,1
DA:11,1
DA:12,1
DA:13,1
DA:14,1
DA:15,1
DA:16,1
DA:17,1
DA:18,1
DA:19,1
DA:20,1
DA:21,3
DA:22,3
DA:23,3
DA:24,3
DA:25,3
DA:26,2
DA:27,3
DA:28,3
DA:29,3
DA:30,1
DA:31,2
DA:32,2
DA:33,2
DA:34,2
DA:35,2
DA:36,2
DA:37,2
DA:38,2
DA:39,2
DA:40,2
DA:41,2
DA:42,1
DA:43,1
DA:44,1
DA:45,1
DA:46,1
DA:47,1
DA:48,1
DA:49,1
DA:50,1
DA:51,1
DA:52,1
DA:53,1
DA:54,24
DA:55,24
DA:56,24
DA:57,24
DA:58,24
DA:59,24
DA:60,24
DA:61,24
DA:62,24
DA:63,24
DA:64,24
DA:65,24
DA:66,24
DA:67,24
DA:68,1
DA:69,22
DA:70,22
DA:71,22
DA:72,22
DA:73,22
DA:74,22
DA:75,22
DA:76,22
DA:77,22
DA:78,22
DA:79,22
DA:80,22
DA:81,22
DA:82,22
DA:83,22
DA:84,1
LF:84
LH:84
BRDA:20,0,0,3
BRDA:23,1,0,3
BRDA:25,2,0,1
BRDA:25,3,0,2
BRDA:30,4,0,2
BRDA:39,5,0,2
BRDA:53,6,0,24
BRDA:57,7,0,24
BRDA:59,8,0,0
BRDA:61,9,0,2
BRDA:64,10,0,22
BRDA:68,11,0,22
BRDA:69,12,0,22
BRDA:71,13,0,0
BRDA:76,14,0,0
BRF:15
BRH:12
end_of_record
TN:
SF:routes/userRouter.js
FNF:0
FNH:0
DA:1,1
DA:2,1
DA:3,1
DA:4,1
DA:5,1
DA:6,1
DA:7,1
DA:8,1
DA:9,1
DA:10,1
DA:11,1
DA:12,1
LF:12
LH:12
BRF:0
BRH:0
end_of_record
